[0510/004306.610:ERROR:process_reader_win.cc(182)] ResumeThread: The parameter is incorrect. (0x57)
[0510/004306.610:ERROR:process_reader_win.cc(151)] SuspendThread: Access is denied. (0x5)
[0510/004306.610:ERROR:process_reader_win.cc(151)] SuspendThread: Access is denied. (0x5)
[0510/004306.610:ERROR:process_reader_win.cc(151)] SuspendThread: Access is denied. (0x5)
[0510/004306.660:ERROR:process_memory_win.cc(73)] ReadMemory at 0x900000 of 65536 bytes failed: Only part of a ReadProcessMemory or WriteProcessMemory request was completed. (0x12B)
[0510/004306.660:ERROR:process_memory_win.cc(73)] ReadMemory at 0x3e0d000 of 12288 bytes failed: Only part of a ReadProcessMemory or WriteProcessMemory request was completed. (0x12B)
[0510/004306.661:ERROR:process_memory_win.cc(73)] ReadMemory at 0x4758000 of 32768 bytes failed: Only part of a ReadProcessMemory or WriteProcessMemory request was completed. (0x12B)
[0510/004306.661:ERROR:process_memory_win.cc(73)] ReadMemory at 0x4fac000 of 16384 bytes failed: Only part of a ReadProcessMemory or WriteProcessMemory request was completed. (0x12B)
[0510/004306.661:ERROR:process_memory_win.cc(73)] ReadMemory at 0x596c000 of 16384 bytes failed: Only part of a ReadProcessMemory or WriteProcessMemory request was completed. (0x12B)
[0510/004306.661:ERROR:process_memory_win.cc(73)] ReadMemory at 0x61df000 of 4096 bytes failed: Only part of a ReadProcessMemory or WriteProcessMemory request was completed. (0x12B)
[0510/004306.661:ERROR:process_memory_win.cc(73)] ReadMemory at 0x6ace000 of 8192 bytes failed: Only part of a ReadProcessMemory or WriteProcessMemory request was completed. (0x12B)
[0510/004306.661:ERROR:process_memory_win.cc(73)] ReadMemory at 0x734d000 of 12288 bytes failed: Only part of a ReadProcessMemory or WriteProcessMemory request was completed. (0x12B)
[0510/004306.661:ERROR:process_memory_win.cc(73)] ReadMemory at 0x7e1b000 of 20480 bytes failed: Only part of a ReadProcessMemory or WriteProcessMemory request was completed. (0x12B)
[0510/004306.661:ERROR:process_memory_win.cc(73)] ReadMemory at 0x864d000 of 12288 bytes failed: Only part of a ReadProcessMemory or WriteProcessMemory request was completed. (0x12B)
[0510/004306.661:ERROR:process_memory_win.cc(73)] ReadMemory at 0x907a000 of 24576 bytes failed: Only part of a ReadProcessMemory or WriteProcessMemory request was completed. (0x12B)
[0510/004306.661:ERROR:process_memory_win.cc(73)] ReadMemory at 0x995b000 of 20480 bytes failed: Only part of a ReadProcessMemory or WriteProcessMemory request was completed. (0x12B)
[0510/004306.661:ERROR:process_memory_win.cc(73)] ReadMemory at 0x10000 of 384 bytes failed: Only part of a ReadProcessMemory or WriteProcessMemory request was completed. (0x12B)
[0510/004306.661:ERROR:process_memory_win.cc(73)] ReadMemory at 0x40000 of 384 bytes failed: Only part of a ReadProcessMemory or WriteProcessMemory request was completed. (0x12B)
[0510/004306.661:ERROR:process_memory_win.cc(73)] ReadMemory at 0x80000 of 384 bytes failed: Only part of a ReadProcessMemory or WriteProcessMemory request was completed. (0x12B)
[0510/004306.661:ERROR:process_memory_win.cc(73)] ReadMemory at 0x991320 of 3936 bytes failed: Only part of a ReadProcessMemory or WriteProcessMemory request was completed. (0x12B)
[0510/004306.661:ERROR:process_memory_win.cc(73)] ReadMemory at 0x992290 of 1012 bytes failed: Only part of a ReadProcessMemory or WriteProcessMemory request was completed. (0x12B)
[0510/004306.661:ERROR:process_memory_win.cc(73)] ReadMemory at 0x992898 of 1070 bytes failed: Only part of a ReadProcessMemory or WriteProcessMemory request was completed. (0x12B)
[0510/004306.661:ERROR:process_memory_win.cc(73)] ReadMemory at 0x992cc8 of 118 bytes failed: Only part of a ReadProcessMemory or WriteProcessMemory request was completed. (0x12B)
[0510/004306.662:ERROR:process_memory_win.cc(73)] ReadMemory at 0x992d40 of 1304 bytes failed: Only part of a ReadProcessMemory or WriteProcessMemory request was completed. (0x12B)
[0510/004306.662:ERROR:process_memory_win.cc(73)] ReadMemory at 0x99325a of 118 bytes failed: Only part of a ReadProcessMemory or WriteProcessMemory request was completed. (0x12B)
[0510/004306.662:ERROR:process_memory_win.cc(73)] ReadMemory at 0x9932d2 of 96 bytes failed: Only part of a ReadProcessMemory or WriteProcessMemory request was completed. (0x12B)
[0510/004306.662:ERROR:process_memory_win.cc(73)] ReadMemory at 0x993340 of 58 bytes failed: Only part of a ReadProcessMemory or WriteProcessMemory request was completed. (0x12B)
[0510/004306.662:ERROR:process_memory_win.cc(73)] ReadMemory at 0x9933d0 of 132 bytes failed: Only part of a ReadProcessMemory or WriteProcessMemory request was completed. (0x12B)
[0510/004306.662:ERROR:process_memory_win.cc(73)] ReadMemory at 0x9934c0 of 132 bytes failed: Only part of a ReadProcessMemory or WriteProcessMemory request was completed. (0x12B)
[0510/004306.662:ERROR:process_memory_win.cc(73)] ReadMemory at 0x9935d8 of 126 bytes failed: Only part of a ReadProcessMemory or WriteProcessMemory request was completed. (0x12B)
[0510/004306.662:ERROR:process_memory_win.cc(73)] ReadMemory at 0x9938c0 of 64 bytes failed: Only part of a ReadProcessMemory or WriteProcessMemory request was completed. (0x12B)
[0510/004306.662:ERROR:process_memory_win.cc(73)] ReadMemory at 0x993910 of 132 bytes failed: Only part of a ReadProcessMemory or WriteProcessMemory request was completed. (0x12B)
[0510/004306.662:ERROR:process_memory_win.cc(73)] ReadMemory at 0x993a30 of 68 bytes failed: Only part of a ReadProcessMemory or WriteProcessMemory request was completed. (0x12B)
[0510/004306.662:ERROR:process_memory_win.cc(73)] ReadMemory at 0x993a80 of 132 bytes failed: Only part of a ReadProcessMemory or WriteProcessMemory request was completed. (0x12B)
[0510/004306.662:ERROR:process_memory_win.cc(73)] ReadMemory at 0x994b90 of 60 bytes failed: Only part of a ReadProcessMemory or WriteProcessMemory request was completed. (0x12B)
[0510/004306.662:ERROR:process_memory_win.cc(73)] ReadMemory at 0x994d40 of 154 bytes failed: Only part of a ReadProcessMemory or WriteProcessMemory request was completed. (0x12B)
[0510/004306.662:ERROR:process_memory_win.cc(73)] ReadMemory at 0x994df0 of 132 bytes failed: Only part of a ReadProcessMemory or WriteProcessMemory request was completed. (0x12B)
[0510/004306.662:ERROR:process_memory_win.cc(73)] ReadMemory at 0x9955e0 of 132 bytes failed: Only part of a ReadProcessMemory or WriteProcessMemory request was completed. (0x12B)
[0510/004306.662:ERROR:process_memory_win.cc(73)] ReadMemory at 0x995810 of 62 bytes failed: Only part of a ReadProcessMemory or WriteProcessMemory request was completed. (0x12B)
[0510/004306.662:ERROR:process_memory_win.cc(73)] ReadMemory at 0x995860 of 132 bytes failed: Only part of a ReadProcessMemory or WriteProcessMemory request was completed. (0x12B)
[0510/004306.662:ERROR:process_memory_win.cc(73)] ReadMemory at 0x9d0860 of 62 bytes failed: Only part of a ReadProcessMemory or WriteProcessMemory request was completed. (0x12B)
[0510/004306.662:ERROR:process_memory_win.cc(73)] ReadMemory at 0x9d08b0 of 62 bytes failed: Only part of a ReadProcessMemory or WriteProcessMemory request was completed. (0x12B)
[0510/004306.662:ERROR:process_memory_win.cc(73)] ReadMemory at 0x9d4e50 of 54 bytes failed: Only part of a ReadProcessMemory or WriteProcessMemory request was completed. (0x12B)
[0510/004306.662:ERROR:process_memory_win.cc(73)] ReadMemory at 0x9d53e0 of 132 bytes failed: Only part of a ReadProcessMemory or WriteProcessMemory request was completed. (0x12B)
[0510/004306.662:ERROR:process_memory_win.cc(73)] ReadMemory at 0x9d54d0 of 132 bytes failed: Only part of a ReadProcessMemory or WriteProcessMemory request was completed. (0x12B)
[0510/004306.662:ERROR:process_memory_win.cc(73)] ReadMemory at 0x9d55c0 of 58 bytes failed: Only part of a ReadProcessMemory or WriteProcessMemory request was completed. (0x12B)
[0510/004306.663:ERROR:process_memory_win.cc(73)] ReadMemory at 0x9d5610 of 132 bytes failed: Only part of a ReadProcessMemory or WriteProcessMemory request was completed. (0x12B)
[0510/004306.663:ERROR:process_memory_win.cc(73)] ReadMemory at 0x9d5700 of 60 bytes failed: Only part of a ReadProcessMemory or WriteProcessMemory request was completed. (0x12B)
[0510/004306.663:ERROR:process_memory_win.cc(73)] ReadMemory at 0x9d5750 of 132 bytes failed: Only part of a ReadProcessMemory or WriteProcessMemory request was completed. (0x12B)
[0510/004306.663:ERROR:process_memory_win.cc(73)] ReadMemory at 0x9d5840 of 132 bytes failed: Only part of a ReadProcessMemory or WriteProcessMemory request was completed. (0x12B)
[0510/004306.663:ERROR:process_memory_win.cc(73)] ReadMemory at 0x9d5930 of 58 bytes failed: Only part of a ReadProcessMemory or WriteProcessMemory request was completed. (0x12B)
[0510/004306.663:ERROR:process_memory_win.cc(73)] ReadMemory at 0x9d5980 of 132 bytes failed: Only part of a ReadProcessMemory or WriteProcessMemory request was completed. (0x12B)
[0510/004306.663:ERROR:process_memory_win.cc(73)] ReadMemory at 0x9d5a70 of 132 bytes failed: Only part of a ReadProcessMemory or WriteProcessMemory request was completed. (0x12B)
[0510/004306.663:ERROR:process_memory_win.cc(73)] ReadMemory at 0x9d5cd0 of 58 bytes failed: Only part of a ReadProcessMemory or WriteProcessMemory request was completed. (0x12B)
[0510/004306.663:ERROR:process_memory_win.cc(73)] ReadMemory at 0x9d5d20 of 58 bytes failed: Only part of a ReadProcessMemory or WriteProcessMemory request was completed. (0x12B)
[0510/004306.663:ERROR:process_memory_win.cc(73)] ReadMemory at 0x9d5d70 of 64 bytes failed: Only part of a ReadProcessMemory or WriteProcessMemory request was completed. (0x12B)
[0510/004306.663:ERROR:process_memory_win.cc(73)] ReadMemory at 0x9d5dc0 of 62 bytes failed: Only part of a ReadProcessMemory or WriteProcessMemory request was completed. (0x12B)
[0510/004306.663:ERROR:process_memory_win.cc(73)] ReadMemory at 0x9d5e10 of 60 bytes failed: Only part of a ReadProcessMemory or WriteProcessMemory request was completed. (0x12B)
[0510/004306.663:ERROR:process_memory_win.cc(73)] ReadMemory at 0x9d5e60 of 60 bytes failed: Only part of a ReadProcessMemory or WriteProcessMemory request was completed. (0x12B)
[0510/004306.663:ERROR:process_memory_win.cc(73)] ReadMemory at 0x9d5eb0 of 64 bytes failed: Only part of a ReadProcessMemory or WriteProcessMemory request was completed. (0x12B)
[0510/004306.663:ERROR:process_memory_win.cc(73)] ReadMemory at 0x9d5f00 of 60 bytes failed: Only part of a ReadProcessMemory or WriteProcessMemory request was completed. (0x12B)
[0510/004306.663:ERROR:process_memory_win.cc(73)] ReadMemory at 0x9d5f50 of 64 bytes failed: Only part of a ReadProcessMemory or WriteProcessMemory request was completed. (0x12B)
[0510/004306.663:ERROR:process_memory_win.cc(73)] ReadMemory at 0x9d5fa0 of 58 bytes failed: Only part of a ReadProcessMemory or WriteProcessMemory request was completed. (0x12B)
[0510/004306.663:ERROR:process_memory_win.cc(73)] ReadMemory at 0x9d5ff0 of 58 bytes failed: Only part of a ReadProcessMemory or WriteProcessMemory request was completed. (0x12B)
[0510/004306.663:ERROR:process_memory_win.cc(73)] ReadMemory at 0x9d6040 of 62 bytes failed: Only part of a ReadProcessMemory or WriteProcessMemory request was completed. (0x12B)
[0510/004306.664:ERROR:process_memory_win.cc(73)] ReadMemory at 0x9d6090 of 62 bytes failed: Only part of a ReadProcessMemory or WriteProcessMemory request was completed. (0x12B)
[0510/004306.664:ERROR:process_memory_win.cc(73)] ReadMemory at 0x9d60e0 of 62 bytes failed: Only part of a ReadProcessMemory or WriteProcessMemory request was completed. (0x12B)
[0510/004306.664:ERROR:process_memory_win.cc(73)] ReadMemory at 0x9d6130 of 62 bytes failed: Only part of a ReadProcessMemory or WriteProcessMemory request was completed. (0x12B)
[0510/004306.664:ERROR:process_memory_win.cc(73)] ReadMemory at 0x9d6180 of 64 bytes failed: Only part of a ReadProcessMemory or WriteProcessMemory request was completed. (0x12B)
[0510/004306.664:ERROR:process_memory_win.cc(73)] ReadMemory at 0x9d61d0 of 62 bytes failed: Only part of a ReadProcessMemory or WriteProcessMemory request was completed. (0x12B)
[0510/004306.664:ERROR:process_memory_win.cc(73)] ReadMemory at 0x9d6220 of 60 bytes failed: Only part of a ReadProcessMemory or WriteProcessMemory request was completed. (0x12B)
[0510/004306.664:ERROR:process_memory_win.cc(73)] ReadMemory at 0x9d6270 of 58 bytes failed: Only part of a ReadProcessMemory or WriteProcessMemory request was completed. (0x12B)
[0510/004306.664:ERROR:process_memory_win.cc(73)] ReadMemory at 0x9d62c0 of 60 bytes failed: Only part of a ReadProcessMemory or WriteProcessMemory request was completed. (0x12B)
[0510/004306.664:ERROR:process_memory_win.cc(73)] ReadMemory at 0x9d6310 of 60 bytes failed: Only part of a ReadProcessMemory or WriteProcessMemory request was completed. (0x12B)
[0510/004306.664:ERROR:process_memory_win.cc(73)] ReadMemory at 0x9d6360 of 64 bytes failed: Only part of a ReadProcessMemory or WriteProcessMemory request was completed. (0x12B)
[0510/004306.664:ERROR:process_memory_win.cc(73)] ReadMemory at 0x9d63b0 of 62 bytes failed: Only part of a ReadProcessMemory or WriteProcessMemory request was completed. (0x12B)
[0510/004306.664:ERROR:process_memory_win.cc(73)] ReadMemory at 0x9d6400 of 62 bytes failed: Only part of a ReadProcessMemory or WriteProcessMemory request was completed. (0x12B)
[0510/004306.664:ERROR:process_memory_win.cc(73)] ReadMemory at 0x9d6450 of 58 bytes failed: Only part of a ReadProcessMemory or WriteProcessMemory request was completed. (0x12B)
[0510/004306.664:ERROR:process_memory_win.cc(73)] ReadMemory at 0x9d64a0 of 64 bytes failed: Only part of a ReadProcessMemory or WriteProcessMemory request was completed. (0x12B)
[0510/004306.664:ERROR:process_memory_win.cc(73)] ReadMemory at 0x9d6ca0 of 132 bytes failed: Only part of a ReadProcessMemory or WriteProcessMemory request was completed. (0x12B)
[0510/004306.664:ERROR:process_memory_win.cc(73)] ReadMemory at 0x9d8660 of 54 bytes failed: Only part of a ReadProcessMemory or WriteProcessMemory request was completed. (0x12B)
[0510/004306.664:ERROR:process_memory_win.cc(73)] ReadMemory at 0x9daea0 of 132 bytes failed: Only part of a ReadProcessMemory or WriteProcessMemory request was completed. (0x12B)
[0510/004306.664:ERROR:process_memory_win.cc(73)] ReadMemory at 0x9db1c0 of 132 bytes failed: Only part of a ReadProcessMemory or WriteProcessMemory request was completed. (0x12B)
[0510/004306.664:ERROR:process_memory_win.cc(73)] ReadMemory at 0x9db2e0 of 132 bytes failed: Only part of a ReadProcessMemory or WriteProcessMemory request was completed. (0x12B)
[0510/004306.664:ERROR:process_memory_win.cc(73)] ReadMemory at 0x9db3d0 of 132 bytes failed: Only part of a ReadProcessMemory or WriteProcessMemory request was completed. (0x12B)
[0510/004306.664:ERROR:process_memory_win.cc(73)] ReadMemory at 0x9db4c0 of 132 bytes failed: Only part of a ReadProcessMemory or WriteProcessMemory request was completed. (0x12B)
[0510/004306.664:ERROR:process_memory_win.cc(73)] ReadMemory at 0x9db5b0 of 132 bytes failed: Only part of a ReadProcessMemory or WriteProcessMemory request was completed. (0x12B)
[0510/004306.664:ERROR:process_memory_win.cc(73)] ReadMemory at 0x9db6a0 of 132 bytes failed: Only part of a ReadProcessMemory or WriteProcessMemory request was completed. (0x12B)
[0510/004306.664:ERROR:process_memory_win.cc(73)] ReadMemory at 0x9db790 of 132 bytes failed: Only part of a ReadProcessMemory or WriteProcessMemory request was completed. (0x12B)
[0510/004306.664:ERROR:process_memory_win.cc(73)] ReadMemory at 0x9db880 of 132 bytes failed: Only part of a ReadProcessMemory or WriteProcessMemory request was completed. (0x12B)
[0510/004306.665:ERROR:process_memory_win.cc(73)] ReadMemory at 0x9db970 of 132 bytes failed: Only part of a ReadProcessMemory or WriteProcessMemory request was completed. (0x12B)
[0510/004306.665:ERROR:process_memory_win.cc(73)] ReadMemory at 0x9dba60 of 132 bytes failed: Only part of a ReadProcessMemory or WriteProcessMemory request was completed. (0x12B)
[0510/004306.665:ERROR:process_memory_win.cc(73)] ReadMemory at 0x9dbb50 of 132 bytes failed: Only part of a ReadProcessMemory or WriteProcessMemory request was completed. (0x12B)
[0510/004306.665:ERROR:process_memory_win.cc(73)] ReadMemory at 0x9dbc40 of 132 bytes failed: Only part of a ReadProcessMemory or WriteProcessMemory request was completed. (0x12B)
[0510/004306.665:ERROR:process_memory_win.cc(73)] ReadMemory at 0x9dbd30 of 132 bytes failed: Only part of a ReadProcessMemory or WriteProcessMemory request was completed. (0x12B)
[0510/004306.665:ERROR:process_memory_win.cc(73)] ReadMemory at 0x9dbe20 of 132 bytes failed: Only part of a ReadProcessMemory or WriteProcessMemory request was completed. (0x12B)
[0510/004306.665:ERROR:process_memory_win.cc(73)] ReadMemory at 0x9dbf10 of 132 bytes failed: Only part of a ReadProcessMemory or WriteProcessMemory request was completed. (0x12B)
[0510/004306.665:ERROR:process_memory_win.cc(73)] ReadMemory at 0x9dc000 of 132 bytes failed: Only part of a ReadProcessMemory or WriteProcessMemory request was completed. (0x12B)
[0510/004306.665:ERROR:process_memory_win.cc(73)] ReadMemory at 0x9dc0f0 of 132 bytes failed: Only part of a ReadProcessMemory or WriteProcessMemory request was completed. (0x12B)
[0510/004306.665:ERROR:process_memory_win.cc(73)] ReadMemory at 0x9dc1e0 of 132 bytes failed: Only part of a ReadProcessMemory or WriteProcessMemory request was completed. (0x12B)
[0510/004306.665:ERROR:process_memory_win.cc(73)] ReadMemory at 0x9dc2d0 of 132 bytes failed: Only part of a ReadProcessMemory or WriteProcessMemory request was completed. (0x12B)
[0510/004306.665:ERROR:process_memory_win.cc(73)] ReadMemory at 0x9dc3c0 of 132 bytes failed: Only part of a ReadProcessMemory or WriteProcessMemory request was completed. (0x12B)
[0510/004306.665:ERROR:process_memory_win.cc(73)] ReadMemory at 0x9dc4b0 of 132 bytes failed: Only part of a ReadProcessMemory or WriteProcessMemory request was completed. (0x12B)
[0510/004306.665:ERROR:process_memory_win.cc(73)] ReadMemory at 0x9dc5a0 of 132 bytes failed: Only part of a ReadProcessMemory or WriteProcessMemory request was completed. (0x12B)
[0510/004306.665:ERROR:process_memory_win.cc(73)] ReadMemory at 0x9dc690 of 132 bytes failed: Only part of a ReadProcessMemory or WriteProcessMemory request was completed. (0x12B)
[0510/004306.665:ERROR:process_memory_win.cc(73)] ReadMemory at 0x9dc780 of 132 bytes failed: Only part of a ReadProcessMemory or WriteProcessMemory request was completed. (0x12B)
[0510/004306.665:ERROR:process_memory_win.cc(73)] ReadMemory at 0x9dc870 of 132 bytes failed: Only part of a ReadProcessMemory or WriteProcessMemory request was completed. (0x12B)
[0510/004306.665:ERROR:process_memory_win.cc(73)] ReadMemory at 0x9dc960 of 132 bytes failed: Only part of a ReadProcessMemory or WriteProcessMemory request was completed. (0x12B)
[0510/004306.665:ERROR:process_memory_win.cc(73)] ReadMemory at 0x9dcb40 of 132 bytes failed: Only part of a ReadProcessMemory or WriteProcessMemory request was completed. (0x12B)
[0510/004306.665:ERROR:process_memory_win.cc(73)] ReadMemory at 0x9de130 of 146 bytes failed: Only part of a ReadProcessMemory or WriteProcessMemory request was completed. (0x12B)
[0510/004306.665:ERROR:process_memory_win.cc(73)] ReadMemory at 0x9dfcb0 of 80 bytes failed: Only part of a ReadProcessMemory or WriteProcessMemory request was completed. (0x12B)
[0510/004306.665:ERROR:process_memory_win.cc(73)] ReadMemory at 0x9e95b0 of 66 bytes failed: Only part of a ReadProcessMemory or WriteProcessMemory request was completed. (0x12B)
[0510/004306.666:ERROR:process_memory_win.cc(73)] ReadMemory at 0x9f86b0 of 512 bytes failed: Only part of a ReadProcessMemory or WriteProcessMemory request was completed. (0x12B)
[0510/004306.666:ERROR:process_memory_win.cc(73)] ReadMemory at 0x9f8b10 of 512 bytes failed: Only part of a ReadProcessMemory or WriteProcessMemory request was completed. (0x12B)
[0510/004306.666:ERROR:process_memory_win.cc(73)] ReadMemory at 0x2e83de0 of 608 bytes failed: Only part of a ReadProcessMemory or WriteProcessMemory request was completed. (0x12B)
[0510/004306.666:ERROR:process_memory_win.cc(73)] ReadMemory at 0x2e846e0 of 512 bytes failed: Only part of a ReadProcessMemory or WriteProcessMemory request was completed. (0x12B)
[0510/004306.666:ERROR:process_memory_win.cc(73)] ReadMemory at 0x2e8b0c0 of 512 bytes failed: Only part of a ReadProcessMemory or WriteProcessMemory request was completed. (0x12B)
[0510/004306.666:ERROR:process_memory_win.cc(73)] ReadMemory at 0x2e8cf80 of 512 bytes failed: Only part of a ReadProcessMemory or WriteProcessMemory request was completed. (0x12B)
[0510/004306.666:ERROR:process_memory_win.cc(73)] ReadMemory at 0x2e9d160 of 544 bytes failed: Only part of a ReadProcessMemory or WriteProcessMemory request was completed. (0x12B)
[0510/004306.666:ERROR:process_memory_win.cc(73)] ReadMemory at 0x2ea1640 of 512 bytes failed: Only part of a ReadProcessMemory or WriteProcessMemory request was completed. (0x12B)
[0510/004306.666:ERROR:process_memory_win.cc(73)] ReadMemory at 0x2ea5e60 of 688 bytes failed: Only part of a ReadProcessMemory or WriteProcessMemory request was completed. (0x12B)
[0510/004306.666:ERROR:process_memory_win.cc(73)] ReadMemory at 0x2ea6530 of 512 bytes failed: Only part of a ReadProcessMemory or WriteProcessMemory request was completed. (0x12B)
[0510/004306.666:ERROR:process_memory_win.cc(73)] ReadMemory at 0x2ec3e90 of 512 bytes failed: Only part of a ReadProcessMemory or WriteProcessMemory request was completed. (0x12B)
[0510/004306.666:ERROR:process_memory_win.cc(73)] ReadMemory at 0x2f60df0 of 528 bytes failed: Only part of a ReadProcessMemory or WriteProcessMemory request was completed. (0x12B)
[0510/004306.666:ERROR:process_memory_win.cc(73)] ReadMemory at 0x2f6bb60 of 704 bytes failed: Only part of a ReadProcessMemory or WriteProcessMemory request was completed. (0x12B)
[0510/004306.666:ERROR:process_memory_win.cc(73)] ReadMemory at 0x736e2df of 513 bytes failed: Only part of a ReadProcessMemory or WriteProcessMemory request was completed. (0x12B)
[0510/004306.666:ERROR:process_memory_win.cc(73)] ReadMemory at 0x750cf50 of 520 bytes failed: Only part of a ReadProcessMemory or WriteProcessMemory request was completed. (0x12B)
[0510/004306.666:ERROR:process_memory_win.cc(73)] ReadMemory at 0x750d958 of 512 bytes failed: Only part of a ReadProcessMemory or WriteProcessMemory request was completed. (0x12B)
[0510/004306.666:ERROR:process_memory_win.cc(73)] ReadMemory at 0x7541640 of 512 bytes failed: Only part of a ReadProcessMemory or WriteProcessMemory request was completed. (0x12B)
[0510/004306.666:ERROR:process_memory_win.cc(73)] ReadMemory at 0xbc54590 of 528 bytes failed: Only part of a ReadProcessMemory or WriteProcessMemory request was completed. (0x12B)
[0510/004306.666:ERROR:process_memory_win.cc(73)] ReadMemory at 0x76c9b2a8 of 512 bytes failed: Only part of a ReadProcessMemory or WriteProcessMemory request was completed. (0x12B)
[0510/004306.666:ERROR:process_memory_win.cc(73)] ReadMemory at 0x76dcae40 of 512 bytes failed: Only part of a ReadProcessMemory or WriteProcessMemory request was completed. (0x12B)
[0510/004306.666:ERROR:process_memory_win.cc(73)] ReadMemory at 0x76dcfb40 of 512 bytes failed: Only part of a ReadProcessMemory or WriteProcessMemory request was completed. (0x12B)
[0510/004306.667:ERROR:process_memory_win.cc(73)] ReadMemory at 0x76e012da of 1280 bytes failed: Only part of a ReadProcessMemory or WriteProcessMemory request was completed. (0x12B)
[0510/004306.667:ERROR:process_memory_win.cc(73)] ReadMemory at 0x76e0184a of 512 bytes failed: Only part of a ReadProcessMemory or WriteProcessMemory request was completed. (0x12B)
[0510/004306.667:ERROR:process_memory_win.cc(73)] ReadMemory at 0x76e02b8a of 528 bytes failed: Only part of a ReadProcessMemory or WriteProcessMemory request was completed. (0x12B)
[0510/004306.667:ERROR:process_memory_win.cc(73)] ReadMemory at 0x76eb4460 of 816 bytes failed: Only part of a ReadProcessMemory or WriteProcessMemory request was completed. (0x12B)
[0510/004306.667:ERROR:process_memory_win.cc(73)] ReadMemory at 0x76ec53f8 of 18 bytes failed: Only part of a ReadProcessMemory or WriteProcessMemory request was completed. (0x12B)
[0510/004306.667:ERROR:process_memory_win.cc(73)] ReadMemory at 0x76ee2640 of 64 bytes failed: Only part of a ReadProcessMemory or WriteProcessMemory request was completed. (0x12B)
[0510/004306.667:ERROR:process_memory_win.cc(73)] ReadMemory at 0x76ee7100 of 48 bytes failed: Only part of a ReadProcessMemory or WriteProcessMemory request was completed. (0x12B)
[0510/004306.667:ERROR:process_memory_win.cc(73)] ReadMemory at 0x76ee7490 of 40 bytes failed: Only part of a ReadProcessMemory or WriteProcessMemory request was completed. (0x12B)
[0510/004306.667:ERROR:process_memory_win.cc(73)] ReadMemory at 0xa60887ff80 of 800 bytes failed: Only part of a ReadProcessMemory or WriteProcessMemory request was completed. (0x12B)
[0510/004306.667:ERROR:process_memory_win.cc(73)] ReadMemory at 0xa6088bff80 of 128 bytes failed: Only part of a ReadProcessMemory or WriteProcessMemory request was completed. (0x12B)
[0510/004306.667:ERROR:process_memory_win.cc(73)] ReadMemory at 0x7fef208cba0 of 512 bytes failed: Only part of a ReadProcessMemory or WriteProcessMemory request was completed. (0x12B)
[0510/004306.667:ERROR:process_memory_win.cc(73)] ReadMemory at 0x7fef568ba3a of 512 bytes failed: Only part of a ReadProcessMemory or WriteProcessMemory request was completed. (0x12B)
[0510/004306.667:ERROR:process_memory_win.cc(73)] ReadMemory at 0x7fefceba41d of 512 bytes failed: Only part of a ReadProcessMemory or WriteProcessMemory request was completed. (0x12B)
[0510/004306.667:ERROR:process_memory_win.cc(73)] ReadMemory at 0x7fffffa2000 of 6024 bytes failed: Only part of a ReadProcessMemory or WriteProcessMemory request was completed. (0x12B)
[0510/004306.667:ERROR:process_memory_win.cc(73)] ReadMemory at 0x7fffffa4000 of 6024 bytes failed: Only part of a ReadProcessMemory or WriteProcessMemory request was completed. (0x12B)
[0510/004306.667:ERROR:process_memory_win.cc(73)] ReadMemory at 0x7fffffa6000 of 6024 bytes failed: Only part of a ReadProcessMemory or WriteProcessMemory request was completed. (0x12B)
[0510/004306.667:ERROR:process_memory_win.cc(73)] ReadMemory at 0x7fffffa8000 of 6024 bytes failed: Only part of a ReadProcessMemory or WriteProcessMemory request was completed. (0x12B)
[0510/004306.667:ERROR:process_memory_win.cc(73)] ReadMemory at 0x7fffffaa000 of 6024 bytes failed: Only part of a ReadProcessMemory or WriteProcessMemory request was completed. (0x12B)
[0510/004306.667:ERROR:process_memory_win.cc(73)] ReadMemory at 0x7fffffac000 of 6024 bytes failed: Only part of a ReadProcessMemory or WriteProcessMemory request was completed. (0x12B)
[0510/004306.668:ERROR:process_memory_win.cc(73)] ReadMemory at 0x7fffffae000 of 6024 bytes failed: Only part of a ReadProcessMemory or WriteProcessMemory request was completed. (0x12B)
[0510/004306.668:ERROR:process_memory_win.cc(73)] ReadMemory at 0x7fffffd4000 of 6024 bytes failed: Only part of a ReadProcessMemory or WriteProcessMemory request was completed. (0x12B)
[0510/004306.668:ERROR:process_memory_win.cc(73)] ReadMemory at 0x7fffffd6000 of 6024 bytes failed: Only part of a ReadProcessMemory or WriteProcessMemory request was completed. (0x12B)
[0510/004306.668:ERROR:process_memory_win.cc(73)] ReadMemory at 0x7fffffd8000 of 852 bytes failed: Only part of a ReadProcessMemory or WriteProcessMemory request was completed. (0x12B)
[0510/004306.668:ERROR:process_memory_win.cc(73)] ReadMemory at 0x7fffffda000 of 6024 bytes failed: Only part of a ReadProcessMemory or WriteProcessMemory request was completed. (0x12B)
[0510/004306.668:ERROR:process_memory_win.cc(73)] ReadMemory at 0x7fffffdc000 of 6024 bytes failed: Only part of a ReadProcessMemory or WriteProcessMemory request was completed. (0x12B)
[0510/004306.668:ERROR:process_memory_win.cc(73)] ReadMemory at 0x7fffffde000 of 6024 bytes failed: Only part of a ReadProcessMemory or WriteProcessMemory request was completed. (0x12B)
[0510/004306.669:ERROR:file_io_win.cc(161)] CreateFile C:\Users\hp\AppData\Local\Temp\scoped_dir6020_107488229\Crashpad\settings.dat: The system cannot find the file specified. (0x2)
[0510/004306.669:ERROR:scoped_process_suspend.cc(40)] NtResumeProcess: An attempt was made to access an exiting process. (0xc000010a)
